<?xml version="1.0" encoding="UTF-8"?>
<testsuite name="filtroOpencart" tests="3" skipped="0" failures="0" errors="0" timestamp="2022-05-05T03:51:13" hostname="DESKTOP-1EP5HQ0" time="49.132">
  <properties/>
  <testcase name="As a user, I want to consult through filters the information of the Product Returns" classname="filtroOpencart" time="19.154"/>
  <testcase name="As a user, I want to consult through filters the information of the Product Returns" classname="filtroOpencart" time="15.052"/>
  <testcase name="As a user, I want to consult through filters the information of the Product Returns" classname="filtroOpencart" time="14.912"/>
  <system-out><![CDATA[]]></system-out>
  <system-err><![CDATA[[Test worker] WARN net.thucydides.core.steps.BaseStepListener - stepStarted: net.thucydides.core.steps.ExecutedStepDescription@172d4cb4
[Test worker] WARN net.thucydides.core.steps.BaseStepListener - stepStarted: net.thucydides.core.steps.ExecutedStepDescription@480b5373
[Test worker] WARN net.thucydides.core.steps.BaseStepListener - stepStarted: net.thucydides.core.steps.ExecutedStepDescription@3b9e1733
may 04, 2022 10:51:14 PM org.openqa.selenium.remote.DesiredCapabilities chrome
INFORMACIÓN: Using `new ChromeOptions()` is preferred to `DesiredCapabilities.chrome()`
[Test worker] INFO net.serenitybdd.core.webdriver.driverproviders.ProvideNewDriver - Instantiating driver
[Test worker] INFO net.serenitybdd.core.webdriver.driverproviders.ProvideNewDriver - Driver capabilities: Capabilities {acceptInsecureCerts: false, browserName: chrome, chrome.switches: --start-maximized, goog:chromeOptions: {args: [--start-maximized], extensions: []}, loggingPrefs: org.openqa.selenium.logging..., platform: ANY, version: }
Starting ChromeDriver 100.0.4896.60 (6a5d10861ce8de5fce22564658033b43cb7de047-refs/branch-heads/4896@{#875}) on port 18120
Only local connections are allowed.
Please see https://chromedriver.chromium.org/security-considerations for suggestions on keeping ChromeDriver safe.
ChromeDriver was started successfully.
may 04, 2022 10:51:16 PM org.openqa.selenium.remote.ProtocolHandshake createSession
INFORMACIÓN: Detected dialect: W3C
[Test worker] WARN net.thucydides.core.steps.BaseStepListener - stepFinished: current outcome:As a user, I want to consult through filters the information of the Product Returns:Example: {username=demo, password=demo, option_sales=Returns, return_id=38591, order_id=16537, customer=wdsqa ascas, product=HP LP3065, model=Product 21, status=Awaiting Products, info_pages=Showing 1 to 1 of 1 (1 Pages)} [Given User of the Opencart page [Fernando open up [Fernando opens the Open page]]]
[Test worker] WARN net.thucydides.core.steps.BaseStepListener - stepFinished: current outcome:As a user, I want to consult through filters the information of the Product Returns:Example: {username=demo, password=demo, option_sales=Returns, return_id=38591, order_id=16537, customer=wdsqa ascas, product=HP LP3065, model=Product 21, status=Awaiting Products, info_pages=Showing 1 to 1 of 1 (1 Pages)} [Given User of the Opencart page [Fernando open up [Fernando opens the Open page]]]
[Test worker] WARN net.thucydides.core.steps.BaseStepListener - stepFinished: current outcome:As a user, I want to consult through filters the information of the Product Returns:Example: {username=demo, password=demo, option_sales=Returns, return_id=38591, order_id=16537, customer=wdsqa ascas, product=HP LP3065, model=Product 21, status=Awaiting Products, info_pages=Showing 1 to 1 of 1 (1 Pages)} [Given User of the Opencart page [Fernando open up [Fernando opens the Open page]]]
[Test worker] WARN net.thucydides.core.steps.BaseStepListener - stepStarted: net.thucydides.core.steps.ExecutedStepDescription@799aace
[Test worker] WARN net.thucydides.core.steps.BaseStepListener - stepStarted: net.thucydides.core.steps.ExecutedStepDescription@5b82789
[Test worker] WARN net.thucydides.core.steps.BaseStepListener - stepStarted: net.thucydides.core.steps.ExecutedStepDescription@1dd035e9
[Test worker] WARN net.thucydides.core.steps.BaseStepListener - stepFinished: current outcome:As a user, I want to consult through filters the information of the Product Returns:Example: {username=demo, password=demo, option_sales=Returns, return_id=38591, order_id=16537, customer=wdsqa ascas, product=HP LP3065, model=Product 21, status=Awaiting Products, info_pages=Showing 1 to 1 of 1 (1 Pages)} [Given User of the Opencart page [Fernando open up [Fernando opens the Open page]], When Consult the information of the product return department
| username | password | option_sales | return_id | order_id | customer | product | model | status | info_pages |
| demo | demo | Returns | 38591 | 16537 | wdsqa ascas | HP LP3065 | Product 21 | Awaiting Products | Showing 1 to 1 of 1 (1 Pages) | [Fernando filtro opencart [Fernando enters 'demo' into Enter username]]]
[Test worker] WARN net.thucydides.core.steps.BaseStepListener - stepStarted: net.thucydides.core.steps.ExecutedStepDescription@1351a1a0
[Test worker] WARN net.thucydides.core.steps.BaseStepListener - stepFinished: current outcome:As a user, I want to consult through filters the information of the Product Returns:Example: {username=demo, password=demo, option_sales=Returns, return_id=38591, order_id=16537, customer=wdsqa ascas, product=HP LP3065, model=Product 21, status=Awaiting Products, info_pages=Showing 1 to 1 of 1 (1 Pages)} [Given User of the Opencart page [Fernando open up [Fernando opens the Open page]], When Consult the information of the product return department
| username | password | option_sales | return_id | order_id | customer | product | model | status | info_pages |
| demo | demo | Returns | 38591 | 16537 | wdsqa ascas | HP LP3065 | Product 21 | Awaiting Products | Showing 1 to 1 of 1 (1 Pages) | [Fernando filtro opencart [Fernando enters 'demo' into Enter username, Fernando enters 'demo' into Enter password]]]
[Test worker] WARN net.thucydides.core.steps.BaseStepListener - stepStarted: net.thucydides.core.steps.ExecutedStepDescription@6abda341
[Test worker] WARN net.thucydides.core.steps.BaseStepListener - stepFinished: current outcome:As a user, I want to consult through filters the information of the Product Returns:Example: {username=demo, password=demo, option_sales=Returns, return_id=38591, order_id=16537, customer=wdsqa ascas, product=HP LP3065, model=Product 21, status=Awaiting Products, info_pages=Showing 1 to 1 of 1 (1 Pages)} [Given User of the Opencart page [Fernando open up [Fernando opens the Open page]], When Consult the information of the product return department
| username | password | option_sales | return_id | order_id | customer | product | model | status | info_pages |
| demo | demo | Returns | 38591 | 16537 | wdsqa ascas | HP LP3065 | Product 21 | Awaiting Products | Showing 1 to 1 of 1 (1 Pages) | [Fernando filtro opencart [Fernando enters 'demo' into Enter username, Fernando enters 'demo' into Enter password, Fernando clicks on Press login button]]]
[Test worker] WARN net.thucydides.core.steps.BaseStepListener - stepStarted: net.thucydides.core.steps.ExecutedStepDescription@f25e395
[Test worker] WARN net.thucydides.core.steps.BaseStepListener - stepFinished: current outcome:As a user, I want to consult through filters the information of the Product Returns:Example: {username=demo, password=demo, option_sales=Returns, return_id=38591, order_id=16537, customer=wdsqa ascas, product=HP LP3065, model=Product 21, status=Awaiting Products, info_pages=Showing 1 to 1 of 1 (1 Pages)} [Given User of the Opencart page [Fernando open up [Fernando opens the Open page]], When Consult the information of the product return department
| username | password | option_sales | return_id | order_id | customer | product | model | status | info_pages |
| demo | demo | Returns | 38591 | 16537 | wdsqa ascas | HP LP3065 | Product 21 | Awaiting Products | Showing 1 to 1 of 1 (1 Pages) | [Fernando filtro opencart [Fernando enters 'demo' into Enter username, Fernando enters 'demo' into Enter password, Fernando clicks on Press login button, Fernando clicks on Press menu sale]]]
[Test worker] WARN net.thucydides.core.steps.BaseStepListener - stepStarted: net.thucydides.core.steps.ExecutedStepDescription@15608169
[Test worker] WARN net.thucydides.core.steps.BaseStepListener - stepFinished: current outcome:As a user, I want to consult through filters the information of the Product Returns:Example: {username=demo, password=demo, option_sales=Returns, return_id=38591, order_id=16537, customer=wdsqa ascas, product=HP LP3065, model=Product 21, status=Awaiting Products, info_pages=Showing 1 to 1 of 1 (1 Pages)} [Given User of the Opencart page [Fernando open up [Fernando opens the Open page]], When Consult the information of the product return department
| username | password | option_sales | return_id | order_id | customer | product | model | status | info_pages |
| demo | demo | Returns | 38591 | 16537 | wdsqa ascas | HP LP3065 | Product 21 | Awaiting Products | Showing 1 to 1 of 1 (1 Pages) | [Fernando filtro opencart [Fernando enters 'demo' into Enter username, Fernando enters 'demo' into Enter password, Fernando clicks on Press login button, Fernando clicks on Press menu sale, Fernando clicks on Press option returns]]]
[Test worker] WARN net.thucydides.core.steps.BaseStepListener - stepStarted: net.thucydides.core.steps.ExecutedStepDescription@8b2fc1a
[Test worker] WARN net.thucydides.core.steps.BaseStepListener - stepFinished: current outcome:As a user, I want to consult through filters the information of the Product Returns:Example: {username=demo, password=demo, option_sales=Returns, return_id=38591, order_id=16537, customer=wdsqa ascas, product=HP LP3065, model=Product 21, status=Awaiting Products, info_pages=Showing 1 to 1 of 1 (1 Pages)} [Given User of the Opencart page [Fernando open up [Fernando opens the Open page]], When Consult the information of the product return department
| username | password | option_sales | return_id | order_id | customer | product | model | status | info_pages |
| demo | demo | Returns | 38591 | 16537 | wdsqa ascas | HP LP3065 | Product 21 | Awaiting Products | Showing 1 to 1 of 1 (1 Pages) | [Fernando filtro opencart [Fernando enters 'demo' into Enter username, Fernando enters 'demo' into Enter password, Fernando clicks on Press login button, Fernando clicks on Press menu sale, Fernando clicks on Press option returns, Fernando enters '38591' into Input returns ID]]]
[Test worker] WARN net.thucydides.core.steps.BaseStepListener - stepStarted: net.thucydides.core.steps.ExecutedStepDescription@51f20ec7
[Test worker] WARN net.thucydides.core.steps.BaseStepListener - stepFinished: current outcome:As a user, I want to consult through filters the information of the Product Returns:Example: {username=demo, password=demo, option_sales=Returns, return_id=38591, order_id=16537, customer=wdsqa ascas, product=HP LP3065, model=Product 21, status=Awaiting Products, info_pages=Showing 1 to 1 of 1 (1 Pages)} [Given User of the Opencart page [Fernando open up [Fernando opens the Open page]], When Consult the information of the product return department
| username | password | option_sales | return_id | order_id | customer | product | model | status | info_pages |
| demo | demo | Returns | 38591 | 16537 | wdsqa ascas | HP LP3065 | Product 21 | Awaiting Products | Showing 1 to 1 of 1 (1 Pages) | [Fernando filtro opencart [Fernando enters 'demo' into Enter username, Fernando enters 'demo' into Enter password, Fernando clicks on Press login button, Fernando clicks on Press menu sale, Fernando clicks on Press option returns, Fernando enters '38591' into Input returns ID, Fernando enters '16537' into Input Order ID]]]
[Test worker] WARN net.thucydides.core.steps.BaseStepListener - stepStarted: net.thucydides.core.steps.ExecutedStepDescription@19dc1ff7
[Test worker] WARN net.thucydides.core.steps.BaseStepListener - stepFinished: current outcome:As a user, I want to consult through filters the information of the Product Returns:Example: {username=demo, password=demo, option_sales=Returns, return_id=38591, order_id=16537, customer=wdsqa ascas, product=HP LP3065, model=Product 21, status=Awaiting Products, info_pages=Showing 1 to 1 of 1 (1 Pages)} [Given User of the Opencart page [Fernando open up [Fernando opens the Open page]], When Consult the information of the product return department
| username | password | option_sales | return_id | order_id | customer | product | model | status | info_pages |
| demo | demo | Returns | 38591 | 16537 | wdsqa ascas | HP LP3065 | Product 21 | Awaiting Products | Showing 1 to 1 of 1 (1 Pages) | [Fernando filtro opencart [Fernando enters 'demo' into Enter username, Fernando enters 'demo' into Enter password, Fernando clicks on Press login button, Fernando clicks on Press menu sale, Fernando clicks on Press option returns, Fernando enters '38591' into Input returns ID, Fernando enters '16537' into Input Order ID, Fernando enters 'wdsqa ascas' into Input Customer]]]
[Test worker] WARN net.thucydides.core.steps.BaseStepListener - stepStarted: net.thucydides.core.steps.ExecutedStepDescription@70c3953b
[Test worker] WARN net.thucydides.core.steps.BaseStepListener - stepFinished: current outcome:As a user, I want to consult through filters the information of the Product Returns:Example: {username=demo, password=demo, option_sales=Returns, return_id=38591, order_id=16537, customer=wdsqa ascas, product=HP LP3065, model=Product 21, status=Awaiting Products, info_pages=Showing 1 to 1 of 1 (1 Pages)} [Given User of the Opencart page [Fernando open up [Fernando opens the Open page]], When Consult the information of the product return department
| username | password | option_sales | return_id | order_id | customer | product | model | status | info_pages |
| demo | demo | Returns | 38591 | 16537 | wdsqa ascas | HP LP3065 | Product 21 | Awaiting Products | Showing 1 to 1 of 1 (1 Pages) | [Fernando filtro opencart [Fernando enters 'demo' into Enter username, Fernando enters 'demo' into Enter password, Fernando clicks on Press login button, Fernando clicks on Press menu sale, Fernando clicks on Press option returns, Fernando enters '38591' into Input returns ID, Fernando enters '16537' into Input Order ID, Fernando enters 'wdsqa ascas' into Input Customer, Fernando enters 'HP LP3065' into Input Product]]]
[Test worker] WARN net.thucydides.core.steps.BaseStepListener - stepStarted: net.thucydides.core.steps.ExecutedStepDescription@5086d603
[Test worker] WARN net.thucydides.core.steps.BaseStepListener - stepFinished: current outcome:As a user, I want to consult through filters the information of the Product Returns:Example: {username=demo, password=demo, option_sales=Returns, return_id=38591, order_id=16537, customer=wdsqa ascas, product=HP LP3065, model=Product 21, status=Awaiting Products, info_pages=Showing 1 to 1 of 1 (1 Pages)} [Given User of the Opencart page [Fernando open up [Fernando opens the Open page]], When Consult the information of the product return department
| username | password | option_sales | return_id | order_id | customer | product | model | status | info_pages |
| demo | demo | Returns | 38591 | 16537 | wdsqa ascas | HP LP3065 | Product 21 | Awaiting Products | Showing 1 to 1 of 1 (1 Pages) | [Fernando filtro opencart [Fernando enters 'demo' into Enter username, Fernando enters 'demo' into Enter password, Fernando clicks on Press login button, Fernando clicks on Press menu sale, Fernando clicks on Press option returns, Fernando enters '38591' into Input returns ID, Fernando enters '16537' into Input Order ID, Fernando enters 'wdsqa ascas' into Input Customer, Fernando enters 'HP LP3065' into Input Product, Fernando enters 'Product 21' into Input Model]]]
[Test worker] WARN net.thucydides.core.steps.BaseStepListener - stepStarted: net.thucydides.core.steps.ExecutedStepDescription@182f3cb2
[Test worker] WARN net.thucydides.core.steps.BaseStepListener - stepFinished: current outcome:As a user, I want to consult through filters the information of the Product Returns:Example: {username=demo, password=demo, option_sales=Returns, return_id=38591, order_id=16537, customer=wdsqa ascas, product=HP LP3065, model=Product 21, status=Awaiting Products, info_pages=Showing 1 to 1 of 1 (1 Pages)} [Given User of the Opencart page [Fernando open up [Fernando opens the Open page]], When Consult the information of the product return department
| username | password | option_sales | return_id | order_id | customer | product | model | status | info_pages |
| demo | demo | Returns | 38591 | 16537 | wdsqa ascas | HP LP3065 | Product 21 | Awaiting Products | Showing 1 to 1 of 1 (1 Pages) | [Fernando filtro opencart [Fernando enters 'demo' into Enter username, Fernando enters 'demo' into Enter password, Fernando clicks on Press login button, Fernando clicks on Press menu sale, Fernando clicks on Press option returns, Fernando enters '38591' into Input returns ID, Fernando enters '16537' into Input Order ID, Fernando enters 'wdsqa ascas' into Input Customer, Fernando enters 'HP LP3065' into Input Product, Fernando enters 'Product 21' into Input Model, Fernando clicks on Click]]]
[Test worker] WARN net.thucydides.core.steps.BaseStepListener - stepStarted: net.thucydides.core.steps.ExecutedStepDescription@3583ed77
[Test worker] WARN net.thucydides.core.steps.BaseStepListener - stepFinished: current outcome:As a user, I want to consult through filters the information of the Product Returns:Example: {username=demo, password=demo, option_sales=Returns, return_id=38591, order_id=16537, customer=wdsqa ascas, product=HP LP3065, model=Product 21, status=Awaiting Products, info_pages=Showing 1 to 1 of 1 (1 Pages)} [Given User of the Opencart page [Fernando open up [Fernando opens the Open page]], When Consult the information of the product return department
| username | password | option_sales | return_id | order_id | customer | product | model | status | info_pages |
| demo | demo | Returns | 38591 | 16537 | wdsqa ascas | HP LP3065 | Product 21 | Awaiting Products | Showing 1 to 1 of 1 (1 Pages) | [Fernando filtro opencart [Fernando enters 'demo' into Enter username, Fernando enters 'demo' into Enter password, Fernando clicks on Press login button, Fernando clicks on Press menu sale, Fernando clicks on Press option returns, Fernando enters '38591' into Input returns ID, Fernando enters '16537' into Input Order ID, Fernando enters 'wdsqa ascas' into Input Customer, Fernando enters 'HP LP3065' into Input Product, Fernando enters 'Product 21' into Input Model, Fernando clicks on Click, Fernando clicks on Input Model]]]
[Test worker] WARN net.thucydides.core.steps.BaseStepListener - stepStarted: net.thucydides.core.steps.ExecutedStepDescription@763e436b
[Test worker] WARN net.thucydides.core.steps.BaseStepListener - stepFinished: current outcome:As a user, I want to consult through filters the information of the Product Returns:Example: {username=demo, password=demo, option_sales=Returns, return_id=38591, order_id=16537, customer=wdsqa ascas, product=HP LP3065, model=Product 21, status=Awaiting Products, info_pages=Showing 1 to 1 of 1 (1 Pages)} [Given User of the Opencart page [Fernando open up [Fernando opens the Open page]], When Consult the information of the product return department
| username | password | option_sales | return_id | order_id | customer | product | model | status | info_pages |
| demo | demo | Returns | 38591 | 16537 | wdsqa ascas | HP LP3065 | Product 21 | Awaiting Products | Showing 1 to 1 of 1 (1 Pages) | [Fernando filtro opencart [Fernando enters 'demo' into Enter username, Fernando enters 'demo' into Enter password, Fernando clicks on Press login button, Fernando clicks on Press menu sale, Fernando clicks on Press option returns, Fernando enters '38591' into Input returns ID, Fernando enters '16537' into Input Order ID, Fernando enters 'wdsqa ascas' into Input Customer, Fernando enters 'HP LP3065' into Input Product, Fernando enters 'Product 21' into Input Model, Fernando clicks on Click, Fernando clicks on Input Model, Fernando types 'ARROW_DOWN' in Input Model]]]
[Test worker] WARN net.thucydides.core.steps.BaseStepListener - stepStarted: net.thucydides.core.steps.ExecutedStepDescription@344dd1e7
[Test worker] WARN net.thucydides.core.steps.BaseStepListener - stepFinished: current outcome:As a user, I want to consult through filters the information of the Product Returns:Example: {username=demo, password=demo, option_sales=Returns, return_id=38591, order_id=16537, customer=wdsqa ascas, product=HP LP3065, model=Product 21, status=Awaiting Products, info_pages=Showing 1 to 1 of 1 (1 Pages)} [Given User of the Opencart page [Fernando open up [Fernando opens the Open page]], When Consult the information of the product return department
| username | password | option_sales | return_id | order_id | customer | product | model | status | info_pages |
| demo | demo | Returns | 38591 | 16537 | wdsqa ascas | HP LP3065 | Product 21 | Awaiting Products | Showing 1 to 1 of 1 (1 Pages) | [Fernando filtro opencart [Fernando enters 'demo' into Enter username, Fernando enters 'demo' into Enter password, Fernando clicks on Press login button, Fernando clicks on Press menu sale, Fernando clicks on Press option returns, Fernando enters '38591' into Input returns ID, Fernando enters '16537' into Input Order ID, Fernando enters 'wdsqa ascas' into Input Customer, Fernando enters 'HP LP3065' into Input Product, Fernando enters 'Product 21' into Input Model, Fernando clicks on Click, Fernando clicks on Input Model, Fernando types 'ARROW_DOWN' in Input Model, Fernando types 'ENTER' in Input Model]]]
[Test worker] WARN net.thucydides.core.steps.BaseStepListener - stepStarted: net.thucydides.core.steps.ExecutedStepDescription@522e8c4d
[Test worker] WARN net.thucydides.core.steps.BaseStepListener - stepFinished: current outcome:As a user, I want to consult through filters the information of the Product Returns:Example: {username=demo, password=demo, option_sales=Returns, return_id=38591, order_id=16537, customer=wdsqa ascas, product=HP LP3065, model=Product 21, status=Awaiting Products, info_pages=Showing 1 to 1 of 1 (1 Pages)} [Given User of the Opencart page [Fernando open up [Fernando opens the Open page]], When Consult the information of the product return department
| username | password | option_sales | return_id | order_id | customer | product | model | status | info_pages |
| demo | demo | Returns | 38591 | 16537 | wdsqa ascas | HP LP3065 | Product 21 | Awaiting Products | Showing 1 to 1 of 1 (1 Pages) | [Fernando filtro opencart [Fernando enters 'demo' into Enter username, Fernando enters 'demo' into Enter password, Fernando clicks on Press login button, Fernando clicks on Press menu sale, Fernando clicks on Press option returns, Fernando enters '38591' into Input returns ID, Fernando enters '16537' into Input Order ID, Fernando enters 'wdsqa ascas' into Input Customer, Fernando enters 'HP LP3065' into Input Product, Fernando enters 'Product 21' into Input Model, Fernando clicks on Click, Fernando clicks on Input Model, Fernando types 'ARROW_DOWN' in Input Model, Fernando types 'ENTER' in Input Model, Fernando clicks on Input Model]]]
[Test worker] WARN net.thucydides.core.steps.BaseStepListener - stepStarted: net.thucydides.core.steps.ExecutedStepDescription@1ca8d343
[Test worker] WARN net.thucydides.core.steps.BaseStepListener - stepFinished: current outcome:As a user, I want to consult through filters the information of the Product Returns:Example: {username=demo, password=demo, option_sales=Returns, return_id=38591, order_id=16537, customer=wdsqa ascas, product=HP LP3065, model=Product 21, status=Awaiting Products, info_pages=Showing 1 to 1 of 1 (1 Pages)} [Given User of the Opencart page [Fernando open up [Fernando opens the Open page]], When Consult the information of the product return department
| username | password | option_sales | return_id | order_id | customer | product | model | status | info_pages |
| demo | demo | Returns | 38591 | 16537 | wdsqa ascas | HP LP3065 | Product 21 | Awaiting Products | Showing 1 to 1 of 1 (1 Pages) | [Fernando filtro opencart [Fernando enters 'demo' into Enter username, Fernando enters 'demo' into Enter password, Fernando clicks on Press login button, Fernando clicks on Press menu sale, Fernando clicks on Press option returns, Fernando enters '38591' into Input returns ID, Fernando enters '16537' into Input Order ID, Fernando enters 'wdsqa ascas' into Input Customer, Fernando enters 'HP LP3065' into Input Product, Fernando enters 'Product 21' into Input Model, Fernando clicks on Click, Fernando clicks on Input Model, Fernando types 'ARROW_DOWN' in Input Model, Fernando types 'ENTER' in Input Model, Fernando clicks on Input Model, Fernando clicks on Input Model]]]
[Test worker] WARN net.thucydides.core.steps.BaseStepListener - stepFinished: current outcome:As a user, I want to consult through filters the information of the Product Returns:Example: {username=demo, password=demo, option_sales=Returns, return_id=38591, order_id=16537, customer=wdsqa ascas, product=HP LP3065, model=Product 21, status=Awaiting Products, info_pages=Showing 1 to 1 of 1 (1 Pages)} [Given User of the Opencart page [Fernando open up [Fernando opens the Open page]], When Consult the information of the product return department
| username | password | option_sales | return_id | order_id | customer | product | model | status | info_pages |
| demo | demo | Returns | 38591 | 16537 | wdsqa ascas | HP LP3065 | Product 21 | Awaiting Products | Showing 1 to 1 of 1 (1 Pages) | [Fernando filtro opencart [Fernando enters 'demo' into Enter username, Fernando enters 'demo' into Enter password, Fernando clicks on Press login button, Fernando clicks on Press menu sale, Fernando clicks on Press option returns, Fernando enters '38591' into Input returns ID, Fernando enters '16537' into Input Order ID, Fernando enters 'wdsqa ascas' into Input Customer, Fernando enters 'HP LP3065' into Input Product, Fernando enters 'Product 21' into Input Model, Fernando clicks on Click, Fernando clicks on Input Model, Fernando types 'ARROW_DOWN' in Input Model, Fernando types 'ENTER' in Input Model, Fernando clicks on Input Model, Fernando clicks on Input Model]]]
[Test worker] WARN net.thucydides.core.steps.BaseStepListener - stepFinished: current outcome:As a user, I want to consult through filters the information of the Product Returns:Example: {username=demo, password=demo, option_sales=Returns, return_id=38591, order_id=16537, customer=wdsqa ascas, product=HP LP3065, model=Product 21, status=Awaiting Products, info_pages=Showing 1 to 1 of 1 (1 Pages)} [Given User of the Opencart page [Fernando open up [Fernando opens the Open page]], When Consult the information of the product return department
| username | password | option_sales | return_id | order_id | customer | product | model | status | info_pages |
| demo | demo | Returns | 38591 | 16537 | wdsqa ascas | HP LP3065 | Product 21 | Awaiting Products | Showing 1 to 1 of 1 (1 Pages) | [Fernando filtro opencart [Fernando enters 'demo' into Enter username, Fernando enters 'demo' into Enter password, Fernando clicks on Press login button, Fernando clicks on Press menu sale, Fernando clicks on Press option returns, Fernando enters '38591' into Input returns ID, Fernando enters '16537' into Input Order ID, Fernando enters 'wdsqa ascas' into Input Customer, Fernando enters 'HP LP3065' into Input Product, Fernando enters 'Product 21' into Input Model, Fernando clicks on Click, Fernando clicks on Input Model, Fernando types 'ARROW_DOWN' in Input Model, Fernando types 'ENTER' in Input Model, Fernando clicks on Input Model, Fernando clicks on Input Model]]]
[Test worker] WARN net.thucydides.core.steps.BaseStepListener - stepStarted: net.thucydides.core.steps.ExecutedStepDescription@1e91bc80
[Test worker] WARN net.thucydides.core.steps.BaseStepListener - stepFinished: current outcome:As a user, I want to consult through filters the information of the Product Returns:Example: {username=demo, password=demo, option_sales=Returns, return_id=38591, order_id=16537, customer=wdsqa ascas, product=HP LP3065, model=Product 21, status=Awaiting Products, info_pages=Showing 1 to 1 of 1 (1 Pages)} [Given User of the Opencart page [Fernando open up [Fernando opens the Open page]], When Consult the information of the product return department
| username | password | option_sales | return_id | order_id | customer | product | model | status | info_pages |
| demo | demo | Returns | 38591 | 16537 | wdsqa ascas | HP LP3065 | Product 21 | Awaiting Products | Showing 1 to 1 of 1 (1 Pages) | [Fernando filtro opencart [Fernando enters 'demo' into Enter username, Fernando enters 'demo' into Enter password, Fernando clicks on Press login button, Fernando clicks on Press menu sale, Fernando clicks on Press option returns, Fernando enters '38591' into Input returns ID, Fernando enters '16537' into Input Order ID, Fernando enters 'wdsqa ascas' into Input Customer, Fernando enters 'HP LP3065' into Input Product, Fernando enters 'Product 21' into Input Model, Fernando clicks on Click, Fernando clicks on Input Model, Fernando types 'ARROW_DOWN' in Input Model, Fernando types 'ENTER' in Input Model, Fernando clicks on Input Model, Fernando clicks on Input Model]], Then Know the list of existing products in return]
[Test worker] WARN net.thucydides.core.steps.BaseStepListener - stepFinished: current outcome:As a user, I want to consult through filters the information of the Product Returns:Example: {username=demo, password=demo, option_sales=Returns, return_id=38591, order_id=16537, customer=wdsqa ascas, product=HP LP3065, model=Product 21, status=Awaiting Products, info_pages=Showing 1 to 1 of 1 (1 Pages)} [Given User of the Opencart page [Fernando open up [Fernando opens the Open page]], When Consult the information of the product return department
| username | password | option_sales | return_id | order_id | customer | product | model | status | info_pages |
| demo | demo | Returns | 38591 | 16537 | wdsqa ascas | HP LP3065 | Product 21 | Awaiting Products | Showing 1 to 1 of 1 (1 Pages) | [Fernando filtro opencart [Fernando enters 'demo' into Enter username, Fernando enters 'demo' into Enter password, Fernando clicks on Press login button, Fernando clicks on Press menu sale, Fernando clicks on Press option returns, Fernando enters '38591' into Input returns ID, Fernando enters '16537' into Input Order ID, Fernando enters 'wdsqa ascas' into Input Customer, Fernando enters 'HP LP3065' into Input Product, Fernando enters 'Product 21' into Input Model, Fernando clicks on Click, Fernando clicks on Input Model, Fernando types 'ARROW_DOWN' in Input Model, Fernando types 'ENTER' in Input Model, Fernando clicks on Input Model, Fernando clicks on Input Model]], Then Know the list of existing products in return]
[Test worker] WARN net.thucydides.core.steps.BaseStepListener - testFinished: As a user, I want to consult through filters the information of the Product Returns:Example: {username=demo, password=demo, option_sales=Returns, return_id=38591, order_id=16537, customer=wdsqa ascas, product=HP LP3065, model=Product 21, status=Awaiting Products, info_pages=Showing 1 to 1 of 1 (1 Pages)} [Given User of the Opencart page [Fernando open up [Fernando opens the Open page]], When Consult the information of the product return department
| username | password | option_sales | return_id | order_id | customer | product | model | status | info_pages |
| demo | demo | Returns | 38591 | 16537 | wdsqa ascas | HP LP3065 | Product 21 | Awaiting Products | Showing 1 to 1 of 1 (1 Pages) | [Fernando filtro opencart [Fernando enters 'demo' into Enter username, Fernando enters 'demo' into Enter password, Fernando clicks on Press login button, Fernando clicks on Press menu sale, Fernando clicks on Press option returns, Fernando enters '38591' into Input returns ID, Fernando enters '16537' into Input Order ID, Fernando enters 'wdsqa ascas' into Input Customer, Fernando enters 'HP LP3065' into Input Product, Fernando enters 'Product 21' into Input Model, Fernando clicks on Click, Fernando clicks on Input Model, Fernando types 'ARROW_DOWN' in Input Model, Fernando types 'ENTER' in Input Model, Fernando clicks on Input Model, Fernando clicks on Input Model]], Then Know the list of existing products in return]
[Test worker] WARN net.thucydides.core.steps.BaseStepListener - TestOutcomes: [As a user, I want to consult through filters the information of the Product Returns:Example: {username=demo, password=demo, option_sales=Returns, return_id=38591, order_id=16537, customer=wdsqa ascas, product=HP LP3065, model=Product 21, status=Awaiting Products, info_pages=Showing 1 to 1 of 1 (1 Pages)} [Given User of the Opencart page [Fernando open up [Fernando opens the Open page]], When Consult the information of the product return department
| username | password | option_sales | return_id | order_id | customer | product | model | status | info_pages |
| demo | demo | Returns | 38591 | 16537 | wdsqa ascas | HP LP3065 | Product 21 | Awaiting Products | Showing 1 to 1 of 1 (1 Pages) | [Fernando filtro opencart [Fernando enters 'demo' into Enter username, Fernando enters 'demo' into Enter password, Fernando clicks on Press login button, Fernando clicks on Press menu sale, Fernando clicks on Press option returns, Fernando enters '38591' into Input returns ID, Fernando enters '16537' into Input Order ID, Fernando enters 'wdsqa ascas' into Input Customer, Fernando enters 'HP LP3065' into Input Product, Fernando enters 'Product 21' into Input Model, Fernando clicks on Click, Fernando clicks on Input Model, Fernando types 'ARROW_DOWN' in Input Model, Fernando types 'ENTER' in Input Model, Fernando clicks on Input Model, Fernando clicks on Input Model]], Then Know the list of existing products in return]]
[Test worker] WARN net.thucydides.core.steps.BaseStepListener - Final testOutcomes: [As a user, I want to consult through filters the information of the Product Returns:Example: {username=demo, password=demo, option_sales=Returns, return_id=38591, order_id=16537, customer=wdsqa ascas, product=HP LP3065, model=Product 21, status=Awaiting Products, info_pages=Showing 1 to 1 of 1 (1 Pages)} [Given User of the Opencart page [Fernando open up [Fernando opens the Open page]], When Consult the information of the product return department
| username | password | option_sales | return_id | order_id | customer | product | model | status | info_pages |
| demo | demo | Returns | 38591 | 16537 | wdsqa ascas | HP LP3065 | Product 21 | Awaiting Products | Showing 1 to 1 of 1 (1 Pages) | [Fernando filtro opencart [Fernando enters 'demo' into Enter username, Fernando enters 'demo' into Enter password, Fernando clicks on Press login button, Fernando clicks on Press menu sale, Fernando clicks on Press option returns, Fernando enters '38591' into Input returns ID, Fernando enters '16537' into Input Order ID, Fernando enters 'wdsqa ascas' into Input Customer, Fernando enters 'HP LP3065' into Input Product, Fernando enters 'Product 21' into Input Model, Fernando clicks on Click, Fernando clicks on Input Model, Fernando types 'ARROW_DOWN' in Input Model, Fernando types 'ENTER' in Input Model, Fernando clicks on Input Model, Fernando clicks on Input Model]], Then Know the list of existing products in return]]
[Test worker] INFO net.thucydides.core.steps.ConsoleLoggingListener - 
        __    _____ _____ ____ _____   ____   _    ____  ____  _____ ____  
  _     \ \  |_   _| ____/ ___|_   _| |  _ \ / \  / ___|/ ___|| ____|  _ \ 
 (_)_____| |   | | |  _| \___ \ | |   | |_) / _ \ \___ \\___ \|  _| | | | |
  _|_____| |   | | | |___ ___) || |   |  __/ ___ \ ___) |___) | |___| |_| |
 (_)     | |   |_| |_____|____/ |_|   |_| /_/   \_\____/|____/|_____|____/ 
        /_/                                                                

TEST PASSED: As a user, I want to consult through filters the information of the Product Returns
----------------------------------------------------------------------------
[Test worker] WARN net.thucydides.core.steps.BaseStepListener - stepStarted: net.thucydides.core.steps.ExecutedStepDescription@7bc739e8
[Test worker] WARN net.thucydides.core.steps.BaseStepListener - stepStarted: net.thucydides.core.steps.ExecutedStepDescription@3b46a998
[Test worker] WARN net.thucydides.core.steps.BaseStepListener - stepStarted: net.thucydides.core.steps.ExecutedStepDescription@40bec5c2
may 04, 2022 10:51:32 PM org.openqa.selenium.remote.DesiredCapabilities chrome
INFORMACIÓN: Using `new ChromeOptions()` is preferred to `DesiredCapabilities.chrome()`
[Test worker] INFO net.serenitybdd.core.webdriver.driverproviders.ProvideNewDriver - Instantiating driver
[Test worker] INFO net.serenitybdd.core.webdriver.driverproviders.ProvideNewDriver - Driver capabilities: Capabilities {acceptInsecureCerts: false, browserName: chrome, chrome.switches: --start-maximized, goog:chromeOptions: {args: [--start-maximized], extensions: []}, loggingPrefs: org.openqa.selenium.logging..., platform: ANY, version: }
Starting ChromeDriver 100.0.4896.60 (6a5d10861ce8de5fce22564658033b43cb7de047-refs/branch-heads/4896@{#875}) on port 17400
Only local connections are allowed.
Please see https://chromedriver.chromium.org/security-considerations for suggestions on keeping ChromeDriver safe.
ChromeDriver was started successfully.
may 04, 2022 10:51:34 PM org.openqa.selenium.remote.ProtocolHandshake createSession
INFORMACIÓN: Detected dialect: W3C
[Test worker] WARN net.thucydides.core.steps.BaseStepListener - stepFinished: current outcome:As a user, I want to consult through filters the information of the Product Returns:Example: {username=demo, password=demo, option_sales=Returns, return_id=38591, order_id=16537, customer=wdsqa ascas, product=HP LP3065, model=Product 21, status=Awaiting Products, info_pages=Showing 1 to 1 of 1 (1 Pages)} [Given User of the Opencart page [Fernando open up [Fernando opens the Open page]], When Consult the information of the product return department
| username | password | option_sales | return_id | order_id | customer | product | model | status | info_pages |
| demo | demo | Returns | 38591 | 16537 | wdsqa ascas | HP LP3065 | Product 21 | Awaiting Products | Showing 1 to 1 of 1 (1 Pages) | [Fernando filtro opencart [Fernando enters 'demo' into Enter username, Fernando enters 'demo' into Enter password, Fernando clicks on Press login button, Fernando clicks on Press menu sale, Fernando clicks on Press option returns, Fernando enters '38591' into Input returns ID, Fernando enters '16537' into Input Order ID, Fernando enters 'wdsqa ascas' into Input Customer, Fernando enters 'HP LP3065' into Input Product, Fernando enters 'Product 21' into Input Model, Fernando clicks on Click, Fernando clicks on Input Model, Fernando types 'ARROW_DOWN' in Input Model, Fernando types 'ENTER' in Input Model, Fernando clicks on Input Model, Fernando clicks on Input Model]], Then Know the list of existing products in return], Example: {username=demo, password=demo, option_sales=Returns, return_id=00000, order_id=16537, customer=wdsqa ascas, product=HP LP3065, model=Product 21, status=Awaiting Products, info_pages=Showing 1 to 1 of 1 (1 Pages)} [Given User of the Opencart page [Fernando open up [Fernando opens the Open page]]]
[Test worker] WARN net.thucydides.core.steps.BaseStepListener - stepFinished: current outcome:As a user, I want to consult through filters the information of the Product Returns:Example: {username=demo, password=demo, option_sales=Returns, return_id=38591, order_id=16537, customer=wdsqa ascas, product=HP LP3065, model=Product 21, status=Awaiting Products, info_pages=Showing 1 to 1 of 1 (1 Pages)} [Given User of the Opencart page [Fernando open up [Fernando opens the Open page]], When Consult the information of the product return department
| username | password | option_sales | return_id | order_id | customer | product | model | status | info_pages |
| demo | demo | Returns | 38591 | 16537 | wdsqa ascas | HP LP3065 | Product 21 | Awaiting Products | Showing 1 to 1 of 1 (1 Pages) | [Fernando filtro opencart [Fernando enters 'demo' into Enter username, Fernando enters 'demo' into Enter password, Fernando clicks on Press login button, Fernando clicks on Press menu sale, Fernando clicks on Press option returns, Fernando enters '38591' into Input returns ID, Fernando enters '16537' into Input Order ID, Fernando enters 'wdsqa ascas' into Input Customer, Fernando enters 'HP LP3065' into Input Product, Fernando enters 'Product 21' into Input Model, Fernando clicks on Click, Fernando clicks on Input Model, Fernando types 'ARROW_DOWN' in Input Model, Fernando types 'ENTER' in Input Model, Fernando clicks on Input Model, Fernando clicks on Input Model]], Then Know the list of existing products in return], Example: {username=demo, password=demo, option_sales=Returns, return_id=00000, order_id=16537, customer=wdsqa ascas, product=HP LP3065, model=Product 21, status=Awaiting Products, info_pages=Showing 1 to 1 of 1 (1 Pages)} [Given User of the Opencart page [Fernando open up [Fernando opens the Open page]]]
[Test worker] WARN net.thucydides.core.steps.BaseStepListener - stepFinished: current outcome:As a user, I want to consult through filters the information of the Product Returns:Example: {username=demo, password=demo, option_sales=Returns, return_id=38591, order_id=16537, customer=wdsqa ascas, product=HP LP3065, model=Product 21, status=Awaiting Products, info_pages=Showing 1 to 1 of 1 (1 Pages)} [Given User of the Opencart page [Fernando open up [Fernando opens the Open page]], When Consult the information of the product return department
| username | password | option_sales | return_id | order_id | customer | product | model | status | info_pages |
| demo | demo | Returns | 38591 | 16537 | wdsqa ascas | HP LP3065 | Product 21 | Awaiting Products | Showing 1 to 1 of 1 (1 Pages) | [Fernando filtro opencart [Fernando enters 'demo' into Enter username, Fernando enters 'demo' into Enter password, Fernando clicks on Press login button, Fernando clicks on Press menu sale, Fernando clicks on Press option returns, Fernando enters '38591' into Input returns ID, Fernando enters '16537' into Input Order ID, Fernando enters 'wdsqa ascas' into Input Customer, Fernando enters 'HP LP3065' into Input Product, Fernando enters 'Product 21' into Input Model, Fernando clicks on Click, Fernando clicks on Input Model, Fernando types 'ARROW_DOWN' in Input Model, Fernando types 'ENTER' in Input Model, Fernando clicks on Input Model, Fernando clicks on Input Model]], Then Know the list of existing products in return], Example: {username=demo, password=demo, option_sales=Returns, return_id=00000, order_id=16537, customer=wdsqa ascas, product=HP LP3065, model=Product 21, status=Awaiting Products, info_pages=Showing 1 to 1 of 1 (1 Pages)} [Given User of the Opencart page [Fernando open up [Fernando opens the Open page]]]
[Test worker] WARN net.thucydides.core.steps.BaseStepListener - stepStarted: net.thucydides.core.steps.ExecutedStepDescription@1e35dc24
[Test worker] WARN net.thucydides.core.steps.BaseStepListener - stepStarted: net.thucydides.core.steps.ExecutedStepDescription@46098a5c
[Test worker] WARN net.thucydides.core.steps.BaseStepListener - stepStarted: net.thucydides.core.steps.ExecutedStepDescription@7e25f7a3
[Test worker] WARN net.thucydides.core.steps.BaseStepListener - stepFinished: current outcome:As a user, I want to consult through filters the information of the Product Returns:Example: {username=demo, password=demo, option_sales=Returns, return_id=38591, order_id=16537, customer=wdsqa ascas, product=HP LP3065, model=Product 21, status=Awaiting Products, info_pages=Showing 1 to 1 of 1 (1 Pages)} [Given User of the Opencart page [Fernando open up [Fernando opens the Open page]], When Consult the information of the product return department
| username | password | option_sales | return_id | order_id | customer | product | model | status | info_pages |
| demo | demo | Returns | 38591 | 16537 | wdsqa ascas | HP LP3065 | Product 21 | Awaiting Products | Showing 1 to 1 of 1 (1 Pages) | [Fernando filtro opencart [Fernando enters 'demo' into Enter username, Fernando enters 'demo' into Enter password, Fernando clicks on Press login button, Fernando clicks on Press menu sale, Fernando clicks on Press option returns, Fernando enters '38591' into Input returns ID, Fernando enters '16537' into Input Order ID, Fernando enters 'wdsqa ascas' into Input Customer, Fernando enters 'HP LP3065' into Input Product, Fernando enters 'Product 21' into Input Model, Fernando clicks on Click, Fernando clicks on Input Model, Fernando types 'ARROW_DOWN' in Input Model, Fernando types 'ENTER' in Input Model, Fernando clicks on Input Model, Fernando clicks on Input Model]], Then Know the list of existing products in return], Example: {username=demo, password=demo, option_sales=Returns, return_id=00000, order_id=16537, customer=wdsqa ascas, product=HP LP3065, model=Product 21, status=Awaiting Products, info_pages=Showing 1 to 1 of 1 (1 Pages)} [Given User of the Opencart page [Fernando open up [Fernando opens the Open page]], When Consult the information of the product return department
| username | password | option_sales | return_id | order_id | customer | product | model | status | info_pages |
| demo | demo | Returns | 00000 | 16537 | wdsqa ascas | HP LP3065 | Product 21 | Awaiting Products | Showing 1 to 1 of 1 (1 Pages) | [Fernando filtro opencart [Fernando enters 'demo' into Enter username]]]
[Test worker] WARN net.thucydides.core.steps.BaseStepListener - stepStarted: net.thucydides.core.steps.ExecutedStepDescription@157e44a
[Test worker] WARN net.thucydides.core.steps.BaseStepListener - stepFinished: current outcome:As a user, I want to consult through filters the information of the Product Returns:Example: {username=demo, password=demo, option_sales=Returns, return_id=38591, order_id=16537, customer=wdsqa ascas, product=HP LP3065, model=Product 21, status=Awaiting Products, info_pages=Showing 1 to 1 of 1 (1 Pages)} [Given User of the Opencart page [Fernando open up [Fernando opens the Open page]], When Consult the information of the product return department
| username | password | option_sales | return_id | order_id | customer | product | model | status | info_pages |
| demo | demo | Returns | 38591 | 16537 | wdsqa ascas | HP LP3065 | Product 21 | Awaiting Products | Showing 1 to 1 of 1 (1 Pages) | [Fernando filtro opencart [Fernando enters 'demo' into Enter username, Fernando enters 'demo' into Enter password, Fernando clicks on Press login button, Fernando clicks on Press menu sale, Fernando clicks on Press option returns, Fernando enters '38591' into Input returns ID, Fernando enters '16537' into Input Order ID, Fernando enters 'wdsqa ascas' into Input Customer, Fernando enters 'HP LP3065' into Input Product, Fernando enters 'Product 21' into Input Model, Fernando clicks on Click, Fernando clicks on Input Model, Fernando types 'ARROW_DOWN' in Input Model, Fernando types 'ENTER' in Input Model, Fernando clicks on Input Model, Fernando clicks on Input Model]], Then Know the list of existing products in return], Example: {username=demo, password=demo, option_sales=Returns, return_id=00000, order_id=16537, customer=wdsqa ascas, product=HP LP3065, model=Product 21, status=Awaiting Products, info_pages=Showing 1 to 1 of 1 (1 Pages)} [Given User of the Opencart page [Fernando open up [Fernando opens the Open page]], When Consult the information of the product return department
| username | password | option_sales | return_id | order_id | customer | product | model | status | info_pages |
| demo | demo | Returns | 00000 | 16537 | wdsqa ascas | HP LP3065 | Product 21 | Awaiting Products | Showing 1 to 1 of 1 (1 Pages) | [Fernando filtro opencart [Fernando enters 'demo' into Enter username, Fernando enters 'demo' into Enter password]]]
[Test worker] WARN net.thucydides.core.steps.BaseStepListener - stepStarted: net.thucydides.core.steps.ExecutedStepDescription@c2c38fc
[Test worker] WARN net.thucydides.core.steps.BaseStepListener - stepFinished: current outcome:As a user, I want to consult through filters the information of the Product Returns:Example: {username=demo, password=demo, option_sales=Returns, return_id=38591, order_id=16537, customer=wdsqa ascas, product=HP LP3065, model=Product 21, status=Awaiting Products, info_pages=Showing 1 to 1 of 1 (1 Pages)} [Given User of the Opencart page [Fernando open up [Fernando opens the Open page]], When Consult the information of the product return department
| username | password | option_sales | return_id | order_id | customer | product | model | status | info_pages |
| demo | demo | Returns | 38591 | 16537 | wdsqa ascas | HP LP3065 | Product 21 | Awaiting Products | Showing 1 to 1 of 1 (1 Pages) | [Fernando filtro opencart [Fernando enters 'demo' into Enter username, Fernando enters 'demo' into Enter password, Fernando clicks on Press login button, Fernando clicks on Press menu sale, Fernando clicks on Press option returns, Fernando enters '38591' into Input returns ID, Fernando enters '16537' into Input Order ID, Fernando enters 'wdsqa ascas' into Input Customer, Fernando enters 'HP LP3065' into Input Product, Fernando enters 'Product 21' into Input Model, Fernando clicks on Click, Fernando clicks on Input Model, Fernando types 'ARROW_DOWN' in Input Model, Fernando types 'ENTER' in Input Model, Fernando clicks on Input Model, Fernando clicks on Input Model]], Then Know the list of existing products in return], Example: {username=demo, password=demo, option_sales=Returns, return_id=00000, order_id=16537, customer=wdsqa ascas, product=HP LP3065, model=Product 21, status=Awaiting Products, info_pages=Showing 1 to 1 of 1 (1 Pages)} [Given User of the Opencart page [Fernando open up [Fernando opens the Open page]], When Consult the information of the product return department
| username | password | option_sales | return_id | order_id | customer | product | model | status | info_pages |
| demo | demo | Returns | 00000 | 16537 | wdsqa ascas | HP LP3065 | Product 21 | Awaiting Products | Showing 1 to 1 of 1 (1 Pages) | [Fernando filtro opencart [Fernando enters 'demo' into Enter username, Fernando enters 'demo' into Enter password, Fernando clicks on Press login button]]]
[Test worker] WARN net.thucydides.core.steps.BaseStepListener - stepStarted: net.thucydides.core.steps.ExecutedStepDescription@1b39931
[Test worker] WARN net.thucydides.core.steps.BaseStepListener - stepFinished: current outcome:As a user, I want to consult through filters the information of the Product Returns:Example: {username=demo, password=demo, option_sales=Returns, return_id=38591, order_id=16537, customer=wdsqa ascas, product=HP LP3065, model=Product 21, status=Awaiting Products, info_pages=Showing 1 to 1 of 1 (1 Pages)} [Given User of the Opencart page [Fernando open up [Fernando opens the Open page]], When Consult the information of the product return department
| username | password | option_sales | return_id | order_id | customer | product | model | status | info_pages |
| demo | demo | Returns | 38591 | 16537 | wdsqa ascas | HP LP3065 | Product 21 | Awaiting Products | Showing 1 to 1 of 1 (1 Pages) | [Fernando filtro opencart [Fernando enters 'demo' into Enter username, Fernando enters 'demo' into Enter password, Fernando clicks on Press login button, Fernando clicks on Press menu sale, Fernando clicks on Press option returns, Fernando enters '38591' into Input returns ID, Fernando enters '16537' into Input Order ID, Fernando enters 'wdsqa ascas' into Input Customer, Fernando enters 'HP LP3065' into Input Product, Fernando enters 'Product 21' into Input Model, Fernando clicks on Click, Fernando clicks on Input Model, Fernando types 'ARROW_DOWN' in Input Model, Fernando types 'ENTER' in Input Model, Fernando clicks on Input Model, Fernando clicks on Input Model]], Then Know the list of existing products in return], Example: {username=demo, password=demo, option_sales=Returns, return_id=00000, order_id=16537, customer=wdsqa ascas, product=HP LP3065, model=Product 21, status=Awaiting Products, info_pages=Showing 1 to 1 of 1 (1 Pages)} [Given User of the Opencart page [Fernando open up [Fernando opens the Open page]], When Consult the information of the product return department
| username | password | option_sales | return_id | order_id | customer | product | model | status | info_pages |
| demo | demo | Returns | 00000 | 16537 | wdsqa ascas | HP LP3065 | Product 21 | Awaiting Products | Showing 1 to 1 of 1 (1 Pages) | [Fernando filtro opencart [Fernando enters 'demo' into Enter username, Fernando enters 'demo' into Enter password, Fernando clicks on Press login button, Fernando clicks on Press menu sale]]]
[Test worker] WARN net.thucydides.core.steps.BaseStepListener - stepStarted: net.thucydides.core.steps.ExecutedStepDescription@5bd8fa86
[Test worker] WARN net.thucydides.core.steps.BaseStepListener - stepFinished: current outcome:As a user, I want to consult through filters the information of the Product Returns:Example: {username=demo, password=demo, option_sales=Returns, return_id=38591, order_id=16537, customer=wdsqa ascas, product=HP LP3065, model=Product 21, status=Awaiting Products, info_pages=Showing 1 to 1 of 1 (1 Pages)} [Given User of the Opencart page [Fernando open up [Fernando opens the Open page]], When Consult the information of the product return department
| username | password | option_sales | return_id | order_id | customer | product | model | status | info_pages |
| demo | demo | Returns | 38591 | 16537 | wdsqa ascas | HP LP3065 | Product 21 | Awaiting Products | Showing 1 to 1 of 1 (1 Pages) | [Fernando filtro opencart [Fernando enters 'demo' into Enter username, Fernando enters 'demo' into Enter password, Fernando clicks on Press login button, Fernando clicks on Press menu sale, Fernando clicks on Press option returns, Fernando enters '38591' into Input returns ID, Fernando enters '16537' into Input Order ID, Fernando enters 'wdsqa ascas' into Input Customer, Fernando enters 'HP LP3065' into Input Product, Fernando enters 'Product 21' into Input Model, Fernando clicks on Click, Fernando clicks on Input Model, Fernando types 'ARROW_DOWN' in Input Model, Fernando types 'ENTER' in Input Model, Fernando clicks on Input Model, Fernando clicks on Input Model]], Then Know the list of existing products in return], Example: {username=demo, password=demo, option_sales=Returns, return_id=00000, order_id=16537, customer=wdsqa ascas, product=HP LP3065, model=Product 21, status=Awaiting Products, info_pages=Showing 1 to 1 of 1 (1 Pages)} [Given User of the Opencart page [Fernando open up [Fernando opens the Open page]], When Consult the information of the product return department
| username | password | option_sales | return_id | order_id | customer | product | model | status | info_pages |
| demo | demo | Returns | 00000 | 16537 | wdsqa ascas | HP LP3065 | Product 21 | Awaiting Products | Showing 1 to 1 of 1 (1 Pages) | [Fernando filtro opencart [Fernando enters 'demo' into Enter username, Fernando enters 'demo' into Enter password, Fernando clicks on Press login button, Fernando clicks on Press menu sale, Fernando clicks on Press option returns]]]
[Test worker] WARN net.thucydides.core.steps.BaseStepListener - stepStarted: net.thucydides.core.steps.ExecutedStepDescription@68f5545a
[Test worker] WARN net.thucydides.core.steps.BaseStepListener - stepFinished: current outcome:As a user, I want to consult through filters the information of the Product Returns:Example: {username=demo, password=demo, option_sales=Returns, return_id=38591, order_id=16537, customer=wdsqa ascas, product=HP LP3065, model=Product 21, status=Awaiting Products, info_pages=Showing 1 to 1 of 1 (1 Pages)} [Given User of the Opencart page [Fernando open up [Fernando opens the Open page]], When Consult the information of the product return department
| username | password | option_sales | return_id | order_id | customer | product | model | status | info_pages |
| demo | demo | Returns | 38591 | 16537 | wdsqa ascas | HP LP3065 | Product 21 | Awaiting Products | Showing 1 to 1 of 1 (1 Pages) | [Fernando filtro opencart [Fernando enters 'demo' into Enter username, Fernando enters 'demo' into Enter password, Fernando clicks on Press login button, Fernando clicks on Press menu sale, Fernando clicks on Press option returns, Fernando enters '38591' into Input returns ID, Fernando enters '16537' into Input Order ID, Fernando enters 'wdsqa ascas' into Input Customer, Fernando enters 'HP LP3065' into Input Product, Fernando enters 'Product 21' into Input Model, Fernando clicks on Click, Fernando clicks on Input Model, Fernando types 'ARROW_DOWN' in Input Model, Fernando types 'ENTER' in Input Model, Fernando clicks on Input Model, Fernando clicks on Input Model]], Then Know the list of existing products in return], Example: {username=demo, password=demo, option_sales=Returns, return_id=00000, order_id=16537, customer=wdsqa ascas, product=HP LP3065, model=Product 21, status=Awaiting Products, info_pages=Showing 1 to 1 of 1 (1 Pages)} [Given User of the Opencart page [Fernando open up [Fernando opens the Open page]], When Consult the information of the product return department
| username | password | option_sales | return_id | order_id | customer | product | model | status | info_pages |
| demo | demo | Returns | 00000 | 16537 | wdsqa ascas | HP LP3065 | Product 21 | Awaiting Products | Showing 1 to 1 of 1 (1 Pages) | [Fernando filtro opencart [Fernando enters 'demo' into Enter username, Fernando enters 'demo' into Enter password, Fernando clicks on Press login button, Fernando clicks on Press menu sale, Fernando clicks on Press option returns, Fernando enters '00000' into Input returns ID]]]
[Test worker] WARN net.thucydides.core.steps.BaseStepListener - stepStarted: net.thucydides.core.steps.ExecutedStepDescription@2ec376f1
[Test worker] WARN net.thucydides.core.steps.BaseStepListener - stepFinished: current outcome:As a user, I want to consult through filters the information of the Product Returns:Example: {username=demo, password=demo, option_sales=Returns, return_id=38591, order_id=16537, customer=wdsqa ascas, product=HP LP3065, model=Product 21, status=Awaiting Products, info_pages=Showing 1 to 1 of 1 (1 Pages)} [Given User of the Opencart page [Fernando open up [Fernando opens the Open page]], When Consult the information of the product return department
| username | password | option_sales | return_id | order_id | customer | product | model | status | info_pages |
| demo | demo | Returns | 38591 | 16537 | wdsqa ascas | HP LP3065 | Product 21 | Awaiting Products | Showing 1 to 1 of 1 (1 Pages) | [Fernando filtro opencart [Fernando enters 'demo' into Enter username, Fernando enters 'demo' into Enter password, Fernando clicks on Press login button, Fernando clicks on Press menu sale, Fernando clicks on Press option returns, Fernando enters '38591' into Input returns ID, Fernando enters '16537' into Input Order ID, Fernando enters 'wdsqa ascas' into Input Customer, Fernando enters 'HP LP3065' into Input Product, Fernando enters 'Product 21' into Input Model, Fernando clicks on Click, Fernando clicks on Input Model, Fernando types 'ARROW_DOWN' in Input Model, Fernando types 'ENTER' in Input Model, Fernando clicks on Input Model, Fernando clicks on Input Model]], Then Know the list of existing products in return], Example: {username=demo, password=demo, option_sales=Returns, return_id=00000, order_id=16537, customer=wdsqa ascas, product=HP LP3065, model=Product 21, status=Awaiting Products, info_pages=Showing 1 to 1 of 1 (1 Pages)} [Given User of the Opencart page [Fernando open up [Fernando opens the Open page]], When Consult the information of the product return department
| username | password | option_sales | return_id | order_id | customer | product | model | status | info_pages |
| demo | demo | Returns | 00000 | 16537 | wdsqa ascas | HP LP3065 | Product 21 | Awaiting Products | Showing 1 to 1 of 1 (1 Pages) | [Fernando filtro opencart [Fernando enters 'demo' into Enter username, Fernando enters 'demo' into Enter password, Fernando clicks on Press login button, Fernando clicks on Press menu sale, Fernando clicks on Press option returns, Fernando enters '00000' into Input returns ID, Fernando enters '16537' into Input Order ID]]]
[Test worker] WARN net.thucydides.core.steps.BaseStepListener - stepStarted: net.thucydides.core.steps.ExecutedStepDescription@6eb0b0e
[Test worker] WARN net.thucydides.core.steps.BaseStepListener - stepFinished: current outcome:As a user, I want to consult through filters the information of the Product Returns:Example: {username=demo, password=demo, option_sales=Returns, return_id=38591, order_id=16537, customer=wdsqa ascas, product=HP LP3065, model=Product 21, status=Awaiting Products, info_pages=Showing 1 to 1 of 1 (1 Pages)} [Given User of the Opencart page [Fernando open up [Fernando opens the Open page]], When Consult the information of the product return department
| username | password | option_sales | return_id | order_id | customer | product | model | status | info_pages |
| demo | demo | Returns | 38591 | 16537 | wdsqa ascas | HP LP3065 | Product 21 | Awaiting Products | Showing 1 to 1 of 1 (1 Pages) | [Fernando filtro opencart [Fernando enters 'demo' into Enter username, Fernando enters 'demo' into Enter password, Fernando clicks on Press login button, Fernando clicks on Press menu sale, Fernando clicks on Press option returns, Fernando enters '38591' into Input returns ID, Fernando enters '16537' into Input Order ID, Fernando enters 'wdsqa ascas' into Input Customer, Fernando enters 'HP LP3065' into Input Product, Fernando enters 'Product 21' into Input Model, Fernando clicks on Click, Fernando clicks on Input Model, Fernando types 'ARROW_DOWN' in Input Model, Fernando types 'ENTER' in Input Model, Fernando clicks on Input Model, Fernando clicks on Input Model]], Then Know the list of existing products in return], Example: {username=demo, password=demo, option_sales=Returns, return_id=00000, order_id=16537, customer=wdsqa ascas, product=HP LP3065, model=Product 21, status=Awaiting Products, info_pages=Showing 1 to 1 of 1 (1 Pages)} [Given User of the Opencart page [Fernando open up [Fernando opens the Open page]], When Consult the information of the product return department
| username | password | option_sales | return_id | order_id | customer | product | model | status | info_pages |
| demo | demo | Returns | 00000 | 16537 | wdsqa ascas | HP LP3065 | Product 21 | Awaiting Products | Showing 1 to 1 of 1 (1 Pages) | [Fernando filtro opencart [Fernando enters 'demo' into Enter username, Fernando enters 'demo' into Enter password, Fernando clicks on Press login button, Fernando clicks on Press menu sale, Fernando clicks on Press option returns, Fernando enters '00000' into Input returns ID, Fernando enters '16537' into Input Order ID, Fernando enters 'wdsqa ascas' into Input Customer]]]
[Test worker] WARN net.thucydides.core.steps.BaseStepListener - stepStarted: net.thucydides.core.steps.ExecutedStepDescription@1c45dfdc
[Test worker] WARN net.thucydides.core.steps.BaseStepListener - stepFinished: current outcome:As a user, I want to consult through filters the information of the Product Returns:Example: {username=demo, password=demo, option_sales=Returns, return_id=38591, order_id=16537, customer=wdsqa ascas, product=HP LP3065, model=Product 21, status=Awaiting Products, info_pages=Showing 1 to 1 of 1 (1 Pages)} [Given User of the Opencart page [Fernando open up [Fernando opens the Open page]], When Consult the information of the product return department
| username | password | option_sales | return_id | order_id | customer | product | model | status | info_pages |
| demo | demo | Returns | 38591 | 16537 | wdsqa ascas | HP LP3065 | Product 21 | Awaiting Products | Showing 1 to 1 of 1 (1 Pages) | [Fernando filtro opencart [Fernando enters 'demo' into Enter username, Fernando enters 'demo' into Enter password, Fernando clicks on Press login button, Fernando clicks on Press menu sale, Fernando clicks on Press option returns, Fernando enters '38591' into Input returns ID, Fernando enters '16537' into Input Order ID, Fernando enters 'wdsqa ascas' into Input Customer, Fernando enters 'HP LP3065' into Input Product, Fernando enters 'Product 21' into Input Model, Fernando clicks on Click, Fernando clicks on Input Model, Fernando types 'ARROW_DOWN' in Input Model, Fernando types 'ENTER' in Input Model, Fernando clicks on Input Model, Fernando clicks on Input Model]], Then Know the list of existing products in return], Example: {username=demo, password=demo, option_sales=Returns, return_id=00000, order_id=16537, customer=wdsqa ascas, product=HP LP3065, model=Product 21, status=Awaiting Products, info_pages=Showing 1 to 1 of 1 (1 Pages)} [Given User of the Opencart page [Fernando open up [Fernando opens the Open page]], When Consult the information of the product return department
| username | password | option_sales | return_id | order_id | customer | product | model | status | info_pages |
| demo | demo | Returns | 00000 | 16537 | wdsqa ascas | HP LP3065 | Product 21 | Awaiting Products | Showing 1 to 1 of 1 (1 Pages) | [Fernando filtro opencart [Fernando enters 'demo' into Enter username, Fernando enters 'demo' into Enter password, Fernando clicks on Press login button, Fernando clicks on Press menu sale, Fernando clicks on Press option returns, Fernando enters '00000' into Input returns ID, Fernando enters '16537' into Input Order ID, Fernando enters 'wdsqa ascas' into Input Customer, Fernando enters 'HP LP3065' into Input Product]]]
[Test worker] WARN net.thucydides.core.steps.BaseStepListener - stepStarted: net.thucydides.core.steps.ExecutedStepDescription@6cb56b53
[Test worker] WARN net.thucydides.core.steps.BaseStepListener - stepFinished: current outcome:As a user, I want to consult through filters the information of the Product Returns:Example: {username=demo, password=demo, option_sales=Returns, return_id=38591, order_id=16537, customer=wdsqa ascas, product=HP LP3065, model=Product 21, status=Awaiting Products, info_pages=Showing 1 to 1 of 1 (1 Pages)} [Given User of the Opencart page [Fernando open up [Fernando opens the Open page]], When Consult the information of the product return department
| username | password | option_sales | return_id | order_id | customer | product | model | status | info_pages |
| demo | demo | Returns | 38591 | 16537 | wdsqa ascas | HP LP3065 | Product 21 | Awaiting Products | Showing 1 to 1 of 1 (1 Pages) | [Fernando filtro opencart [Fernando enters 'demo' into Enter username, Fernando enters 'demo' into Enter password, Fernando clicks on Press login button, Fernando clicks on Press menu sale, Fernando clicks on Press option returns, Fernando enters '38591' into Input returns ID, Fernando enters '16537' into Input Order ID, Fernando enters 'wdsqa ascas' into Input Customer, Fernando enters 'HP LP3065' into Input Product, Fernando enters 'Product 21' into Input Model, Fernando clicks on Click, Fernando clicks on Input Model, Fernando types 'ARROW_DOWN' in Input Model, Fernando types 'ENTER' in Input Model, Fernando clicks on Input Model, Fernando clicks on Input Model]], Then Know the list of existing products in return], Example: {username=demo, password=demo, option_sales=Returns, return_id=00000, order_id=16537, customer=wdsqa ascas, product=HP LP3065, model=Product 21, status=Awaiting Products, info_pages=Showing 1 to 1 of 1 (1 Pages)} [Given User of the Opencart page [Fernando open up [Fernando opens the Open page]], When Consult the information of the product return department
| username | password | option_sales | return_id | order_id | customer | product | model | status | info_pages |
| demo | demo | Returns | 00000 | 16537 | wdsqa ascas | HP LP3065 | Product 21 | Awaiting Products | Showing 1 to 1 of 1 (1 Pages) | [Fernando filtro opencart [Fernando enters 'demo' into Enter username, Fernando enters 'demo' into Enter password, Fernando clicks on Press login button, Fernando clicks on Press menu sale, Fernando clicks on Press option returns, Fernando enters '00000' into Input returns ID, Fernando enters '16537' into Input Order ID, Fernando enters 'wdsqa ascas' into Input Customer, Fernando enters 'HP LP3065' into Input Product, Fernando enters 'Product 21' into Input Model]]]
[Test worker] WARN net.thucydides.core.steps.BaseStepListener - stepStarted: net.thucydides.core.steps.ExecutedStepDescription@74486bf1
[Test worker] WARN net.thucydides.core.steps.BaseStepListener - stepFinished: current outcome:As a user, I want to consult through filters the information of the Product Returns:Example: {username=demo, password=demo, option_sales=Returns, return_id=38591, order_id=16537, customer=wdsqa ascas, product=HP LP3065, model=Product 21, status=Awaiting Products, info_pages=Showing 1 to 1 of 1 (1 Pages)} [Given User of the Opencart page [Fernando open up [Fernando opens the Open page]], When Consult the information of the product return department
| username | password | option_sales | return_id | order_id | customer | product | model | status | info_pages |
| demo | demo | Returns | 38591 | 16537 | wdsqa ascas | HP LP3065 | Product 21 | Awaiting Products | Showing 1 to 1 of 1 (1 Pages) | [Fernando filtro opencart [Fernando enters 'demo' into Enter username, Fernando enters 'demo' into Enter password, Fernando clicks on Press login button, Fernando clicks on Press menu sale, Fernando clicks on Press option returns, Fernando enters '38591' into Input returns ID, Fernando enters '16537' into Input Order ID, Fernando enters 'wdsqa ascas' into Input Customer, Fernando enters 'HP LP3065' into Input Product, Fernando enters 'Product 21' into Input Model, Fernando clicks on Click, Fernando clicks on Input Model, Fernando types 'ARROW_DOWN' in Input Model, Fernando types 'ENTER' in Input Model, Fernando clicks on Input Model, Fernando clicks on Input Model]], Then Know the list of existing products in return], Example: {username=demo, password=demo, option_sales=Returns, return_id=00000, order_id=16537, customer=wdsqa ascas, product=HP LP3065, model=Product 21, status=Awaiting Products, info_pages=Showing 1 to 1 of 1 (1 Pages)} [Given User of the Opencart page [Fernando open up [Fernando opens the Open page]], When Consult the information of the product return department
| username | password | option_sales | return_id | order_id | customer | product | model | status | info_pages |
| demo | demo | Returns | 00000 | 16537 | wdsqa ascas | HP LP3065 | Product 21 | Awaiting Products | Showing 1 to 1 of 1 (1 Pages) | [Fernando filtro opencart [Fernando enters 'demo' into Enter username, Fernando enters 'demo' into Enter password, Fernando clicks on Press login button, Fernando clicks on Press menu sale, Fernando clicks on Press option returns, Fernando enters '00000' into Input returns ID, Fernando enters '16537' into Input Order ID, Fernando enters 'wdsqa ascas' into Input Customer, Fernando enters 'HP LP3065' into Input Product, Fernando enters 'Product 21' into Input Model, Fernando clicks on Click]]]
[Test worker] WARN net.thucydides.core.steps.BaseStepListener - stepStarted: net.thucydides.core.steps.ExecutedStepDescription@110cbc30
[Test worker] WARN net.thucydides.core.steps.BaseStepListener - stepFinished: current outcome:As a user, I want to consult through filters the information of the Product Returns:Example: {username=demo, password=demo, option_sales=Returns, return_id=38591, order_id=16537, customer=wdsqa ascas, product=HP LP3065, model=Product 21, status=Awaiting Products, info_pages=Showing 1 to 1 of 1 (1 Pages)} [Given User of the Opencart page [Fernando open up [Fernando opens the Open page]], When Consult the information of the product return department
| username | password | option_sales | return_id | order_id | customer | product | model | status | info_pages |
| demo | demo | Returns | 38591 | 16537 | wdsqa ascas | HP LP3065 | Product 21 | Awaiting Products | Showing 1 to 1 of 1 (1 Pages) | [Fernando filtro opencart [Fernando enters 'demo' into Enter username, Fernando enters 'demo' into Enter password, Fernando clicks on Press login button, Fernando clicks on Press menu sale, Fernando clicks on Press option returns, Fernando enters '38591' into Input returns ID, Fernando enters '16537' into Input Order ID, Fernando enters 'wdsqa ascas' into Input Customer, Fernando enters 'HP LP3065' into Input Product, Fernando enters 'Product 21' into Input Model, Fernando clicks on Click, Fernando clicks on Input Model, Fernando types 'ARROW_DOWN' in Input Model, Fernando types 'ENTER' in Input Model, Fernando clicks on Input Model, Fernando clicks on Input Model]], Then Know the list of existing products in return], Example: {username=demo, password=demo, option_sales=Returns, return_id=00000, order_id=16537, customer=wdsqa ascas, product=HP LP3065, model=Product 21, status=Awaiting Products, info_pages=Showing 1 to 1 of 1 (1 Pages)} [Given User of the Opencart page [Fernando open up [Fernando opens the Open page]], When Consult the information of the product return department
| username | password | option_sales | return_id | order_id | customer | product | model | status | info_pages |
| demo | demo | Returns | 00000 | 16537 | wdsqa ascas | HP LP3065 | Product 21 | Awaiting Products | Showing 1 to 1 of 1 (1 Pages) | [Fernando filtro opencart [Fernando enters 'demo' into Enter username, Fernando enters 'demo' into Enter password, Fernando clicks on Press login button, Fernando clicks on Press menu sale, Fernando clicks on Press option returns, Fernando enters '00000' into Input returns ID, Fernando enters '16537' into Input Order ID, Fernando enters 'wdsqa ascas' into Input Customer, Fernando enters 'HP LP3065' into Input Product, Fernando enters 'Product 21' into Input Model, Fernando clicks on Click, Fernando clicks on Input Model]]]
[Test worker] WARN net.thucydides.core.steps.BaseStepListener - stepStarted: net.thucydides.core.steps.ExecutedStepDescription@2e9647bd
[Test worker] WARN net.thucydides.core.steps.BaseStepListener - stepFinished: current outcome:As a user, I want to consult through filters the information of the Product Returns:Example: {username=demo, password=demo, option_sales=Returns, return_id=38591, order_id=16537, customer=wdsqa ascas, product=HP LP3065, model=Product 21, status=Awaiting Products, info_pages=Showing 1 to 1 of 1 (1 Pages)} [Given User of the Opencart page [Fernando open up [Fernando opens the Open page]], When Consult the information of the product return department
| username | password | option_sales | return_id | order_id | customer | product | model | status | info_pages |
| demo | demo | Returns | 38591 | 16537 | wdsqa ascas | HP LP3065 | Product 21 | Awaiting Products | Showing 1 to 1 of 1 (1 Pages) | [Fernando filtro opencart [Fernando enters 'demo' into Enter username, Fernando enters 'demo' into Enter password, Fernando clicks on Press login button, Fernando clicks on Press menu sale, Fernando clicks on Press option returns, Fernando enters '38591' into Input returns ID, Fernando enters '16537' into Input Order ID, Fernando enters 'wdsqa ascas' into Input Customer, Fernando enters 'HP LP3065' into Input Product, Fernando enters 'Product 21' into Input Model, Fernando clicks on Click, Fernando clicks on Input Model, Fernando types 'ARROW_DOWN' in Input Model, Fernando types 'ENTER' in Input Model, Fernando clicks on Input Model, Fernando clicks on Input Model]], Then Know the list of existing products in return], Example: {username=demo, password=demo, option_sales=Returns, return_id=00000, order_id=16537, customer=wdsqa ascas, product=HP LP3065, model=Product 21, status=Awaiting Products, info_pages=Showing 1 to 1 of 1 (1 Pages)} [Given User of the Opencart page [Fernando open up [Fernando opens the Open page]], When Consult the information of the product return department
| username | password | option_sales | return_id | order_id | customer | product | model | status | info_pages |
| demo | demo | Returns | 00000 | 16537 | wdsqa ascas | HP LP3065 | Product 21 | Awaiting Products | Showing 1 to 1 of 1 (1 Pages) | [Fernando filtro opencart [Fernando enters 'demo' into Enter username, Fernando enters 'demo' into Enter password, Fernando clicks on Press login button, Fernando clicks on Press menu sale, Fernando clicks on Press option returns, Fernando enters '00000' into Input returns ID, Fernando enters '16537' into Input Order ID, Fernando enters 'wdsqa ascas' into Input Customer, Fernando enters 'HP LP3065' into Input Product, Fernando enters 'Product 21' into Input Model, Fernando clicks on Click, Fernando clicks on Input Model, Fernando types 'ARROW_DOWN' in Input Model]]]
[Test worker] WARN net.thucydides.core.steps.BaseStepListener - stepStarted: net.thucydides.core.steps.ExecutedStepDescription@61c654f4
[Test worker] WARN net.thucydides.core.steps.BaseStepListener - stepFinished: current outcome:As a user, I want to consult through filters the information of the Product Returns:Example: {username=demo, password=demo, option_sales=Returns, return_id=38591, order_id=16537, customer=wdsqa ascas, product=HP LP3065, model=Product 21, status=Awaiting Products, info_pages=Showing 1 to 1 of 1 (1 Pages)} [Given User of the Opencart page [Fernando open up [Fernando opens the Open page]], When Consult the information of the product return department
| username | password | option_sales | return_id | order_id | customer | product | model | status | info_pages |
| demo | demo | Returns | 38591 | 16537 | wdsqa ascas | HP LP3065 | Product 21 | Awaiting Products | Showing 1 to 1 of 1 (1 Pages) | [Fernando filtro opencart [Fernando enters 'demo' into Enter username, Fernando enters 'demo' into Enter password, Fernando clicks on Press login button, Fernando clicks on Press menu sale, Fernando clicks on Press option returns, Fernando enters '38591' into Input returns ID, Fernando enters '16537' into Input Order ID, Fernando enters 'wdsqa ascas' into Input Customer, Fernando enters 'HP LP3065' into Input Product, Fernando enters 'Product 21' into Input Model, Fernando clicks on Click, Fernando clicks on Input Model, Fernando types 'ARROW_DOWN' in Input Model, Fernando types 'ENTER' in Input Model, Fernando clicks on Input Model, Fernando clicks on Input Model]], Then Know the list of existing products in return], Example: {username=demo, password=demo, option_sales=Returns, return_id=00000, order_id=16537, customer=wdsqa ascas, product=HP LP3065, model=Product 21, status=Awaiting Products, info_pages=Showing 1 to 1 of 1 (1 Pages)} [Given User of the Opencart page [Fernando open up [Fernando opens the Open page]], When Consult the information of the product return department
| username | password | option_sales | return_id | order_id | customer | product | model | status | info_pages |
[...]
| username | password | option_sales | return_id | order_id | customer | product | model | status | info_pages |
| demo | demo | Returns | 00000 | 16537 | wdsqa ascas | HP LP3065 | Product 21 | Awaiting Products | Showing 1 to 1 of 1 (1 Pages) | [Fernando filtro opencart [Fernando enters 'demo' into Enter username, Fernando enters 'demo' into Enter password, Fernando clicks on Press login button, Fernando clicks on Press menu sale, Fernando clicks on Press option returns, Fernando enters '00000' into Input returns ID, Fernando enters '16537' into Input Order ID, Fernando enters 'wdsqa ascas' into Input Customer, Fernando enters 'HP LP3065' into Input Product, Fernando enters 'Product 21' into Input Model, Fernando clicks on Click, Fernando clicks on Input Model, Fernando types 'ARROW_DOWN' in Input Model, Fernando types 'ENTER' in Input Model, Fernando clicks on Input Model, Fernando clicks on Input Model]], Then Know the list of existing products in return], Example: {username=demo, password=demo, option_sales=Returns, return_id=38591, order_id=, customer=, product=, model=, status=Awaiting Products, info_pages=Showing 1 to 1 of 1 (1 Pages)} [Given User of the Opencart page [Fernando open up [Fernando opens the Open page]], When Consult the information of the product return department
| username | password | option_sales | return_id | order_id | customer | product | model | status | info_pages |
| demo | demo | Returns | 38591 |  |  |  |  | Awaiting Products | Showing 1 to 1 of 1 (1 Pages) | [Fernando filtro opencart [Fernando enters 'demo' into Enter username, Fernando enters 'demo' into Enter password, Fernando clicks on Press login button, Fernando clicks on Press menu sale, Fernando clicks on Press option returns, Fernando enters '38591' into Input returns ID, Fernando enters '' into Input Order ID, Fernando enters '' into Input Customer, Fernando enters '' into Input Product, Fernando enters '' into Input Model, Fernando clicks on Click, Fernando clicks on Input Model, Fernando types 'ARROW_DOWN' in Input Model, Fernando types 'ENTER' in Input Model, Fernando clicks on Input Model, Fernando clicks on Input Model]], Then Know the list of existing products in return]
[Test worker] WARN net.thucydides.core.steps.BaseStepListener - stepFinished: current outcome:As a user, I want to consult through filters the information of the Product Returns:Example: {username=demo, password=demo, option_sales=Returns, return_id=38591, order_id=16537, customer=wdsqa ascas, product=HP LP3065, model=Product 21, status=Awaiting Products, info_pages=Showing 1 to 1 of 1 (1 Pages)} [Given User of the Opencart page [Fernando open up [Fernando opens the Open page]], When Consult the information of the product return department
| username | password | option_sales | return_id | order_id | customer | product | model | status | info_pages |
| demo | demo | Returns | 38591 | 16537 | wdsqa ascas | HP LP3065 | Product 21 | Awaiting Products | Showing 1 to 1 of 1 (1 Pages) | [Fernando filtro opencart [Fernando enters 'demo' into Enter username, Fernando enters 'demo' into Enter password, Fernando clicks on Press login button, Fernando clicks on Press menu sale, Fernando clicks on Press option returns, Fernando enters '38591' into Input returns ID, Fernando enters '16537' into Input Order ID, Fernando enters 'wdsqa ascas' into Input Customer, Fernando enters 'HP LP3065' into Input Product, Fernando enters 'Product 21' into Input Model, Fernando clicks on Click, Fernando clicks on Input Model, Fernando types 'ARROW_DOWN' in Input Model, Fernando types 'ENTER' in Input Model, Fernando clicks on Input Model, Fernando clicks on Input Model]], Then Know the list of existing products in return], Example: {username=demo, password=demo, option_sales=Returns, return_id=00000, order_id=16537, customer=wdsqa ascas, product=HP LP3065, model=Product 21, status=Awaiting Products, info_pages=Showing 1 to 1 of 1 (1 Pages)} [Given User of the Opencart page [Fernando open up [Fernando opens the Open page]], When Consult the information of the product return department
| username | password | option_sales | return_id | order_id | customer | product | model | status | info_pages |
| demo | demo | Returns | 00000 | 16537 | wdsqa ascas | HP LP3065 | Product 21 | Awaiting Products | Showing 1 to 1 of 1 (1 Pages) | [Fernando filtro opencart [Fernando enters 'demo' into Enter username, Fernando enters 'demo' into Enter password, Fernando clicks on Press login button, Fernando clicks on Press menu sale, Fernando clicks on Press option returns, Fernando enters '00000' into Input returns ID, Fernando enters '16537' into Input Order ID, Fernando enters 'wdsqa ascas' into Input Customer, Fernando enters 'HP LP3065' into Input Product, Fernando enters 'Product 21' into Input Model, Fernando clicks on Click, Fernando clicks on Input Model, Fernando types 'ARROW_DOWN' in Input Model, Fernando types 'ENTER' in Input Model, Fernando clicks on Input Model, Fernando clicks on Input Model]], Then Know the list of existing products in return], Example: {username=demo, password=demo, option_sales=Returns, return_id=38591, order_id=, customer=, product=, model=, status=Awaiting Products, info_pages=Showing 1 to 1 of 1 (1 Pages)} [Given User of the Opencart page [Fernando open up [Fernando opens the Open page]], When Consult the information of the product return department
| username | password | option_sales | return_id | order_id | customer | product | model | status | info_pages |
| demo | demo | Returns | 38591 |  |  |  |  | Awaiting Products | Showing 1 to 1 of 1 (1 Pages) | [Fernando filtro opencart [Fernando enters 'demo' into Enter username, Fernando enters 'demo' into Enter password, Fernando clicks on Press login button, Fernando clicks on Press menu sale, Fernando clicks on Press option returns, Fernando enters '38591' into Input returns ID, Fernando enters '' into Input Order ID, Fernando enters '' into Input Customer, Fernando enters '' into Input Product, Fernando enters '' into Input Model, Fernando clicks on Click, Fernando clicks on Input Model, Fernando types 'ARROW_DOWN' in Input Model, Fernando types 'ENTER' in Input Model, Fernando clicks on Input Model, Fernando clicks on Input Model]], Then Know the list of existing products in return]
[Test worker] WARN net.thucydides.core.steps.BaseStepListener - testFinished: As a user, I want to consult through filters the information of the Product Returns:Example: {username=demo, password=demo, option_sales=Returns, return_id=38591, order_id=16537, customer=wdsqa ascas, product=HP LP3065, model=Product 21, status=Awaiting Products, info_pages=Showing 1 to 1 of 1 (1 Pages)} [Given User of the Opencart page [Fernando open up [Fernando opens the Open page]], When Consult the information of the product return department
| username | password | option_sales | return_id | order_id | customer | product | model | status | info_pages |
| demo | demo | Returns | 38591 | 16537 | wdsqa ascas | HP LP3065 | Product 21 | Awaiting Products | Showing 1 to 1 of 1 (1 Pages) | [Fernando filtro opencart [Fernando enters 'demo' into Enter username, Fernando enters 'demo' into Enter password, Fernando clicks on Press login button, Fernando clicks on Press menu sale, Fernando clicks on Press option returns, Fernando enters '38591' into Input returns ID, Fernando enters '16537' into Input Order ID, Fernando enters 'wdsqa ascas' into Input Customer, Fernando enters 'HP LP3065' into Input Product, Fernando enters 'Product 21' into Input Model, Fernando clicks on Click, Fernando clicks on Input Model, Fernando types 'ARROW_DOWN' in Input Model, Fernando types 'ENTER' in Input Model, Fernando clicks on Input Model, Fernando clicks on Input Model]], Then Know the list of existing products in return], Example: {username=demo, password=demo, option_sales=Returns, return_id=00000, order_id=16537, customer=wdsqa ascas, product=HP LP3065, model=Product 21, status=Awaiting Products, info_pages=Showing 1 to 1 of 1 (1 Pages)} [Given User of the Opencart page [Fernando open up [Fernando opens the Open page]], When Consult the information of the product return department
| username | password | option_sales | return_id | order_id | customer | product | model | status | info_pages |
| demo | demo | Returns | 00000 | 16537 | wdsqa ascas | HP LP3065 | Product 21 | Awaiting Products | Showing 1 to 1 of 1 (1 Pages) | [Fernando filtro opencart [Fernando enters 'demo' into Enter username, Fernando enters 'demo' into Enter password, Fernando clicks on Press login button, Fernando clicks on Press menu sale, Fernando clicks on Press option returns, Fernando enters '00000' into Input returns ID, Fernando enters '16537' into Input Order ID, Fernando enters 'wdsqa ascas' into Input Customer, Fernando enters 'HP LP3065' into Input Product, Fernando enters 'Product 21' into Input Model, Fernando clicks on Click, Fernando clicks on Input Model, Fernando types 'ARROW_DOWN' in Input Model, Fernando types 'ENTER' in Input Model, Fernando clicks on Input Model, Fernando clicks on Input Model]], Then Know the list of existing products in return], Example: {username=demo, password=demo, option_sales=Returns, return_id=38591, order_id=, customer=, product=, model=, status=Awaiting Products, info_pages=Showing 1 to 1 of 1 (1 Pages)} [Given User of the Opencart page [Fernando open up [Fernando opens the Open page]], When Consult the information of the product return department
| username | password | option_sales | return_id | order_id | customer | product | model | status | info_pages |
| demo | demo | Returns | 38591 |  |  |  |  | Awaiting Products | Showing 1 to 1 of 1 (1 Pages) | [Fernando filtro opencart [Fernando enters 'demo' into Enter username, Fernando enters 'demo' into Enter password, Fernando clicks on Press login button, Fernando clicks on Press menu sale, Fernando clicks on Press option returns, Fernando enters '38591' into Input returns ID, Fernando enters '' into Input Order ID, Fernando enters '' into Input Customer, Fernando enters '' into Input Product, Fernando enters '' into Input Model, Fernando clicks on Click, Fernando clicks on Input Model, Fernando types 'ARROW_DOWN' in Input Model, Fernando types 'ENTER' in Input Model, Fernando clicks on Input Model, Fernando clicks on Input Model]], Then Know the list of existing products in return]
[Test worker] WARN net.thucydides.core.steps.BaseStepListener - TestOutcomes: [As a user, I want to consult through filters the information of the Product Returns:Example: {username=demo, password=demo, option_sales=Returns, return_id=38591, order_id=16537, customer=wdsqa ascas, product=HP LP3065, model=Product 21, status=Awaiting Products, info_pages=Showing 1 to 1 of 1 (1 Pages)} [Given User of the Opencart page [Fernando open up [Fernando opens the Open page]], When Consult the information of the product return department
| username | password | option_sales | return_id | order_id | customer | product | model | status | info_pages |
| demo | demo | Returns | 38591 | 16537 | wdsqa ascas | HP LP3065 | Product 21 | Awaiting Products | Showing 1 to 1 of 1 (1 Pages) | [Fernando filtro opencart [Fernando enters 'demo' into Enter username, Fernando enters 'demo' into Enter password, Fernando clicks on Press login button, Fernando clicks on Press menu sale, Fernando clicks on Press option returns, Fernando enters '38591' into Input returns ID, Fernando enters '16537' into Input Order ID, Fernando enters 'wdsqa ascas' into Input Customer, Fernando enters 'HP LP3065' into Input Product, Fernando enters 'Product 21' into Input Model, Fernando clicks on Click, Fernando clicks on Input Model, Fernando types 'ARROW_DOWN' in Input Model, Fernando types 'ENTER' in Input Model, Fernando clicks on Input Model, Fernando clicks on Input Model]], Then Know the list of existing products in return], Example: {username=demo, password=demo, option_sales=Returns, return_id=00000, order_id=16537, customer=wdsqa ascas, product=HP LP3065, model=Product 21, status=Awaiting Products, info_pages=Showing 1 to 1 of 1 (1 Pages)} [Given User of the Opencart page [Fernando open up [Fernando opens the Open page]], When Consult the information of the product return department
| username | password | option_sales | return_id | order_id | customer | product | model | status | info_pages |
| demo | demo | Returns | 00000 | 16537 | wdsqa ascas | HP LP3065 | Product 21 | Awaiting Products | Showing 1 to 1 of 1 (1 Pages) | [Fernando filtro opencart [Fernando enters 'demo' into Enter username, Fernando enters 'demo' into Enter password, Fernando clicks on Press login button, Fernando clicks on Press menu sale, Fernando clicks on Press option returns, Fernando enters '00000' into Input returns ID, Fernando enters '16537' into Input Order ID, Fernando enters 'wdsqa ascas' into Input Customer, Fernando enters 'HP LP3065' into Input Product, Fernando enters 'Product 21' into Input Model, Fernando clicks on Click, Fernando clicks on Input Model, Fernando types 'ARROW_DOWN' in Input Model, Fernando types 'ENTER' in Input Model, Fernando clicks on Input Model, Fernando clicks on Input Model]], Then Know the list of existing products in return], Example: {username=demo, password=demo, option_sales=Returns, return_id=38591, order_id=, customer=, product=, model=, status=Awaiting Products, info_pages=Showing 1 to 1 of 1 (1 Pages)} [Given User of the Opencart page [Fernando open up [Fernando opens the Open page]], When Consult the information of the product return department
| username | password | option_sales | return_id | order_id | customer | product | model | status | info_pages |
| demo | demo | Returns | 38591 |  |  |  |  | Awaiting Products | Showing 1 to 1 of 1 (1 Pages) | [Fernando filtro opencart [Fernando enters 'demo' into Enter username, Fernando enters 'demo' into Enter password, Fernando clicks on Press login button, Fernando clicks on Press menu sale, Fernando clicks on Press option returns, Fernando enters '38591' into Input returns ID, Fernando enters '' into Input Order ID, Fernando enters '' into Input Customer, Fernando enters '' into Input Product, Fernando enters '' into Input Model, Fernando clicks on Click, Fernando clicks on Input Model, Fernando types 'ARROW_DOWN' in Input Model, Fernando types 'ENTER' in Input Model, Fernando clicks on Input Model, Fernando clicks on Input Model]], Then Know the list of existing products in return]]
[Test worker] WARN net.thucydides.core.steps.BaseStepListener - Final testOutcomes: [As a user, I want to consult through filters the information of the Product Returns:Example: {username=demo, password=demo, option_sales=Returns, return_id=38591, order_id=16537, customer=wdsqa ascas, product=HP LP3065, model=Product 21, status=Awaiting Products, info_pages=Showing 1 to 1 of 1 (1 Pages)} [Given User of the Opencart page [Fernando open up [Fernando opens the Open page]], When Consult the information of the product return department
| username | password | option_sales | return_id | order_id | customer | product | model | status | info_pages |
| demo | demo | Returns | 38591 | 16537 | wdsqa ascas | HP LP3065 | Product 21 | Awaiting Products | Showing 1 to 1 of 1 (1 Pages) | [Fernando filtro opencart [Fernando enters 'demo' into Enter username, Fernando enters 'demo' into Enter password, Fernando clicks on Press login button, Fernando clicks on Press menu sale, Fernando clicks on Press option returns, Fernando enters '38591' into Input returns ID, Fernando enters '16537' into Input Order ID, Fernando enters 'wdsqa ascas' into Input Customer, Fernando enters 'HP LP3065' into Input Product, Fernando enters 'Product 21' into Input Model, Fernando clicks on Click, Fernando clicks on Input Model, Fernando types 'ARROW_DOWN' in Input Model, Fernando types 'ENTER' in Input Model, Fernando clicks on Input Model, Fernando clicks on Input Model]], Then Know the list of existing products in return], Example: {username=demo, password=demo, option_sales=Returns, return_id=00000, order_id=16537, customer=wdsqa ascas, product=HP LP3065, model=Product 21, status=Awaiting Products, info_pages=Showing 1 to 1 of 1 (1 Pages)} [Given User of the Opencart page [Fernando open up [Fernando opens the Open page]], When Consult the information of the product return department
| username | password | option_sales | return_id | order_id | customer | product | model | status | info_pages |
| demo | demo | Returns | 00000 | 16537 | wdsqa ascas | HP LP3065 | Product 21 | Awaiting Products | Showing 1 to 1 of 1 (1 Pages) | [Fernando filtro opencart [Fernando enters 'demo' into Enter username, Fernando enters 'demo' into Enter password, Fernando clicks on Press login button, Fernando clicks on Press menu sale, Fernando clicks on Press option returns, Fernando enters '00000' into Input returns ID, Fernando enters '16537' into Input Order ID, Fernando enters 'wdsqa ascas' into Input Customer, Fernando enters 'HP LP3065' into Input Product, Fernando enters 'Product 21' into Input Model, Fernando clicks on Click, Fernando clicks on Input Model, Fernando types 'ARROW_DOWN' in Input Model, Fernando types 'ENTER' in Input Model, Fernando clicks on Input Model, Fernando clicks on Input Model]], Then Know the list of existing products in return], Example: {username=demo, password=demo, option_sales=Returns, return_id=38591, order_id=, customer=, product=, model=, status=Awaiting Products, info_pages=Showing 1 to 1 of 1 (1 Pages)} [Given User of the Opencart page [Fernando open up [Fernando opens the Open page]], When Consult the information of the product return department
| username | password | option_sales | return_id | order_id | customer | product | model | status | info_pages |
| demo | demo | Returns | 38591 |  |  |  |  | Awaiting Products | Showing 1 to 1 of 1 (1 Pages) | [Fernando filtro opencart [Fernando enters 'demo' into Enter username, Fernando enters 'demo' into Enter password, Fernando clicks on Press login button, Fernando clicks on Press menu sale, Fernando clicks on Press option returns, Fernando enters '38591' into Input returns ID, Fernando enters '' into Input Order ID, Fernando enters '' into Input Customer, Fernando enters '' into Input Product, Fernando enters '' into Input Model, Fernando clicks on Click, Fernando clicks on Input Model, Fernando types 'ARROW_DOWN' in Input Model, Fernando types 'ENTER' in Input Model, Fernando clicks on Input Model, Fernando clicks on Input Model]], Then Know the list of existing products in return]]
[Test worker] INFO net.thucydides.core.steps.ConsoleLoggingListener - 
        __    _____ _____ ____ _____   ____   _    ____  ____  _____ ____  
  _     \ \  |_   _| ____/ ___|_   _| |  _ \ / \  / ___|/ ___|| ____|  _ \ 
 (_)_____| |   | | |  _| \___ \ | |   | |_) / _ \ \___ \\___ \|  _| | | | |
  _|_____| |   | | | |___ ___) || |   |  __/ ___ \ ___) |___) | |___| |_| |
 (_)     | |   |_| |_____|____/ |_|   |_| /_/   \_\____/|____/|_____|____/ 
        /_/                                                                

TEST PASSED: As a user, I want to consult through filters the information of the Product Returns
----------------------------------------------------------------------------
]]></system-err>
</testsuite>
